<?xml version="1.0" encoding="UTF-8"?>
<!-- Generated by org.testng.reporters.JUnitXMLReporter -->
<testsuite ignored="2" hostname="DESKTOP-I5JEI3M" failures="3" tests="9" name="All Test" time="0.268" errors="0" timestamp="2024-06-28T13:52:03 IST">
  <testcase classname="test.LoginPageTest" name="verifyUserLogin" time="0.015">
    <skipped/>
  </testcase> <!-- verifyUserLogin -->
  <testcase classname="test.LoginPageTest" name="verifyUserLogin" time="0.003">
    <skipped/>
  </testcase> <!-- verifyUserLogin -->
  <testcase classname="test.LoginPageTest" name="verifyUserLogin" time="0.002">
    <failure type="java.lang.RuntimeException" message="Excel Sheet not found">
      <![CDATA[java.lang.RuntimeException: Excel Sheet not found
at test.LoginPageTest.verifyUserLogin(LoginPageTest.java:50)
at java.base/java.util.ArrayList.forEach(ArrayList.java:1511)
... Removed 27 stack frames]]>
    </failure>
  </testcase> <!-- verifyUserLogin -->
  <testcase classname="test.LoginPageTest" name="verifyLoginPageTitle" time="0.004">
    <skipped/>
  </testcase> <!-- verifyLoginPageTitle -->
  <testcase classname="test.LoginPageTest" name="verifyLoginPageTitle" time="0.002">
    <skipped/>
  </testcase> <!-- verifyLoginPageTitle -->
  <testcase classname="test.LoginPageTest" name="verifyLoginPageTitle" time="0.002">
    <failure type="java.lang.NullPointerException" message="Cannot invoke &amp;quot;org.openqa.selenium.WebDriver.get(String)&amp;quot; because &amp;quot;this.driver&amp;quot; is null">
      <![CDATA[java.lang.NullPointerException: Cannot invoke "org.openqa.selenium.WebDriver.get(String)" because "this.driver" is null
at test.LoginPageTest.verifyLoginPageTitle(LoginPageTest.java:20)
at java.base/java.util.ArrayList.forEach(ArrayList.java:1511)
... Removed 27 stack frames]]>
    </failure>
  </testcase> <!-- verifyLoginPageTitle -->
  <testcase classname="test.HomePageTest" name="verifyHomePageTitle" time="0.004">
    <skipped/>
  </testcase> <!-- verifyHomePageTitle -->
  <testcase classname="test.HomePageTest" name="verifyHomePageTitle" time="0.001">
    <skipped/>
  </testcase> <!-- verifyHomePageTitle -->
  <testcase classname="test.HomePageTest" name="verifyHomePageTitle" time="0.002">
    <failure type="java.lang.NullPointerException" message="Cannot invoke &amp;quot;org.openqa.selenium.WebDriver.get(String)&amp;quot; because &amp;quot;this.driver&amp;quot; is null">
      <![CDATA[java.lang.NullPointerException: Cannot invoke "org.openqa.selenium.WebDriver.get(String)" because "this.driver" is null
at test.HomePageTest.verifyHomePageTitle(HomePageTest.java:22)
at java.base/java.util.ArrayList.forEach(ArrayList.java:1511)
... Removed 27 stack frames]]>
    </failure>
  </testcase> <!-- verifyHomePageTitle -->
  <testcase classname="test.LoginPageTest" name="verifyUserLoginwithInvalidCredentials" time="0.0">
    <ignored/>
  </testcase> <!-- verifyUserLoginwithInvalidCredentials -->
  <testcase classname="test.HomePageTest" name="verifyCommunitySelectionPoll" time="0.0">
    <ignored/>
  </testcase> <!-- verifyCommunitySelectionPoll -->
</testsuite> <!-- All Test -->
