<?xml version="1.0" encoding="UTF-8"?>
<!-- Generated by org.testng.reporters.JUnitXMLReporter -->
<testsuite ignored="0" hostname="DESKTOP-I5JEI3M" failures="1" tests="4" name="Functional Test" time="43.863" errors="0" timestamp="2024-06-27T09:07:04 IST">
  <testcase classname="test.HomePageTest" name="verifyCommunitySelectionPoll" time="3.679">
    <skipped/>
  </testcase> <!-- verifyCommunitySelectionPoll -->
  <testcase classname="test.HomePageTest" name="verifyCommunitySelectionPoll" time="4.055">
    <skipped/>
  </testcase> <!-- verifyCommunitySelectionPoll -->
  <testcase classname="test.HomePageTest" name="verifyCommunitySelectionPoll" time="4.8">
    <failure type="java.lang.AssertionError" message="Radio Button Not Selected expected [true] but found [false]">
      <![CDATA[java.lang.AssertionError: Radio Button Not Selected expected [true] but found [false]
at test.HomePageTest.verifyCommunitySelectionPoll(HomePageTest.java:50)
at java.base/java.util.ArrayList.forEach(ArrayList.java:1511)
... Removed 30 stack frames]]>
    </failure>
  </testcase> <!-- verifyCommunitySelectionPoll -->
  <testcase classname="test.HomePageTest" name="verifyHomePageTitle" time="9.277"/>
</testsuite> <!-- Functional Test -->
