<?xml version="1.0" encoding="UTF-8"?>
<!-- Generated by org.testng.reporters.JUnitXMLReporter -->
<testsuite ignored="13" hostname="DESKTOP-I5JEI3M" failures="0" tests="1" name="Default test" time="19.001" errors="0" timestamp="2024-07-25T13:27:16 IST">
  <testcase classname="org.teztGCommands.Commands" name="verifydynamicWebTable" time="7.194"/>
  <testcase classname="org.teztGCommands.Commands" name="verifyJavaScriptVerticalScroll" time="0.0">
    <ignored/>
  </testcase> <!-- verifyJavaScriptVerticalScroll -->
  <testcase classname="org.teztGCommands.Commands" name="verifyHomePageTitle" time="0.0">
    <ignored/>
  </testcase> <!-- verifyHomePageTitle -->
  <testcase classname="org.teztGCommands.Commands" name="verifyKeyBoardEvents" time="0.0">
    <ignored/>
  </testcase> <!-- verifyKeyBoardEvents -->
  <testcase classname="org.teztGCommands.Commands" name="verifyDemoWebShopLogin" time="0.0">
    <ignored/>
  </testcase> <!-- verifyDemoWebShopLogin -->
  <testcase classname="org.teztGCommands.Commands" name="verifyDemoWebShopIsDisplayed" time="0.0">
    <ignored/>
  </testcase> <!-- verifyDemoWebShopIsDisplayed -->
  <testcase classname="org.teztGCommands.Commands" name="verifySwagLab" time="0.0">
    <ignored/>
  </testcase> <!-- verifySwagLab -->
  <testcase classname="org.teztGCommands.Commands" name="verifyWaits" time="0.0">
    <ignored/>
  </testcase> <!-- verifyWaits -->
  <testcase classname="org.teztGCommands.Commands" name="verifyGenderRadioButtonIsSelected" time="0.0">
    <ignored/>
  </testcase> <!-- verifyGenderRadioButtonIsSelected -->
  <testcase classname="org.teztGCommands.Commands" name="verifyJavaScriptExecutorSendKeysClick" time="0.0">
    <ignored/>
  </testcase> <!-- verifyJavaScriptExecutorSendKeysClick -->
  <testcase classname="org.teztGCommands.Commands" name="verifyJavaScriptDemoWebShopLogin" time="0.0">
    <ignored/>
  </testcase> <!-- verifyJavaScriptDemoWebShopLogin -->
  <testcase classname="org.teztGCommands.Commands" name="verifyJavaScriptScrollAlerts" time="0.0">
    <ignored/>
  </testcase> <!-- verifyJavaScriptScrollAlerts -->
  <testcase classname="org.teztGCommands.Commands" name="verifyDemoWebShopIsEnabled" time="0.0">
    <ignored/>
  </testcase> <!-- verifyDemoWebShopIsEnabled -->
  <testcase classname="org.teztGCommands.Commands" name="verifyFleuntWait" time="0.0">
    <ignored/>
  </testcase> <!-- verifyFleuntWait -->
</testsuite> <!-- Default test -->
