<?xml version="1.0" encoding="UTF-8"?>
<!-- Generated by org.testng.reporters.JUnitXMLReporter -->
<testsuite ignored="0" hostname="DESKTOP-I5JEI3M" failures="1" tests="2" name="Home PageTest" time="33.835" errors="0" timestamp="2024-06-18T12:30:07 IST">
  <testcase classname="test.HomePageTest" name="verifyCommunitySelectionPoll" time="4.748">
    <failure type="java.lang.AssertionError" message="Radio Button Not Selected expected [true] but found [false]">
      <![CDATA[java.lang.AssertionError: Radio Button Not Selected expected [true] but found [false]
at test.HomePageTest.verifyCommunitySelectionPoll(HomePageTest.java:49)
at java.base/java.util.ArrayList.forEach(ArrayList.java:1511)
... Removed 30 stack frames]]>
    </failure>
  </testcase> <!-- verifyCommunitySelectionPoll -->
  <testcase classname="test.HomePageTest" name="verifyHomePageTitle" time="4.779"/>
</testsuite> <!-- Home PageTest -->
