<?xml version="1.0" encoding="UTF-8"?>
<!-- Generated by org.testng.reporters.JUnitXMLReporter -->
<testsuite ignored="0" hostname="DESKTOP-I5JEI3M" failures="1" tests="4" name="HomePageTest" time="48.072" errors="0" timestamp="2024-06-24T10:26:47 IST">
  <testcase classname="test.HomePageTest" name="verifyCommunitySelectionPoll" time="4.875">
    <skipped/>
  </testcase> <!-- verifyCommunitySelectionPoll -->
  <testcase classname="test.HomePageTest" name="verifyCommunitySelectionPoll" time="4.7">
    <skipped/>
  </testcase> <!-- verifyCommunitySelectionPoll -->
  <testcase classname="test.HomePageTest" name="verifyCommunitySelectionPoll" time="5.25">
    <failure type="java.lang.AssertionError" message="Radio Button Not Selected expected [true] but found [false]">
      <![CDATA[java.lang.AssertionError: Radio Button Not Selected expected [true] but found [false]
at test.HomePageTest.verifyCommunitySelectionPoll(HomePageTest.java:50)
at java.base/java.util.ArrayList.forEach(ArrayList.java:1511)
at java.base/java.util.concurrent.FutureTask.run(FutureTask.java:264)
at java.base/java.util.concurrent.ThreadPoolExecutor.runWorker(ThreadPoolExecutor.java:1136)
at java.base/java.util.concurrent.ThreadPoolExecutor$Worker.run(ThreadPoolExecutor.java:635)
at java.base/java.lang.Thread.run(Thread.java:833)
... Removed 20 stack frames]]>
    </failure>
  </testcase> <!-- verifyCommunitySelectionPoll -->
  <testcase classname="test.HomePageTest" name="verifyHomePageTitle" time="4.273"/>
</testsuite> <!-- HomePageTest -->
