<?xml version="1.0" encoding="UTF-8"?>
<!-- Generated by org.testng.reporters.JUnitXMLReporter -->
<testsuite ignored="0" hostname="DESKTOP-I5JEI3M" failures="1" tests="5" name="Login PageTest" time="49.086" errors="0" timestamp="2024-06-18T12:29:33 IST">
  <testcase classname="test.LoginPageTest" name="verifyUserLogin" time="8.206">
    <failure type="java.lang.RuntimeException" message="Excel Sheet not found">
      <![CDATA[java.lang.RuntimeException: Excel Sheet not found
at test.LoginPageTest.verifyUserLogin(LoginPageTest.java:50)
at java.base/java.util.ArrayList.forEach(ArrayList.java:1511)
... Removed 27 stack frames]]>
    </failure>
  </testcase> <!-- verifyUserLogin -->
  <testcase classname="test.LoginPageTest" name="verifyLoginPageTitle" time="3.924"/>
  <testcase classname="test.LoginPageTest" name="verifyUserLoginwithInvalidCredentials" time="3.599"/>
  <testcase classname="test.LoginPageTest" name="verifyUserLoginwithInvalidCredentials" time="3.926"/>
  <testcase classname="test.LoginPageTest" name="verifyUserLoginwithInvalidCredentials" time="6.057"/>
</testsuite> <!-- Login PageTest -->
