<?xml version="1.0" encoding="UTF-8"?>
<!-- Generated by org.testng.reporters.JUnitXMLReporter -->
<testsuite ignored="0" hostname="DESKTOP-I5JEI3M" failures="1" tests="5" name="LoginPageTest" time="58.527" errors="0" timestamp="2024-06-24T10:26:57 IST">
  <testcase classname="test.LoginPageTest" name="verifyUserLogin" time="7.12">
    <failure type="java.lang.RuntimeException" message="Excel Sheet not found">
      <![CDATA[java.lang.RuntimeException: Excel Sheet not found
at test.LoginPageTest.verifyUserLogin(LoginPageTest.java:50)
at java.base/java.util.ArrayList.forEach(ArrayList.java:1511)
at java.base/java.util.concurrent.FutureTask.run(FutureTask.java:264)
at java.base/java.util.concurrent.ThreadPoolExecutor.runWorker(ThreadPoolExecutor.java:1136)
at java.base/java.util.concurrent.ThreadPoolExecutor$Worker.run(ThreadPoolExecutor.java:635)
at java.base/java.lang.Thread.run(Thread.java:833)
... Removed 17 stack frames]]>
    </failure>
  </testcase> <!-- verifyUserLogin -->
  <testcase classname="test.LoginPageTest" name="verifyLoginPageTitle" time="6.185"/>
  <testcase classname="test.LoginPageTest" name="verifyUserLoginwithInvalidCredentials" time="5.981"/>
  <testcase classname="test.LoginPageTest" name="verifyUserLoginwithInvalidCredentials" time="4.448"/>
  <testcase classname="test.LoginPageTest" name="verifyUserLoginwithInvalidCredentials" time="4.198"/>
</testsuite> <!-- LoginPageTest -->
