<?xml version="1.0" encoding="UTF-8"?>
<!-- Generated by org.testng.reporters.JUnitXMLReporter -->
<testsuite ignored="0" hostname="DESKTOP-I5JEI3M" failures="1" tests="2" name="RegisterPageTest" time="40.586" errors="0" timestamp="2024-06-24T10:26:40 IST">
  <testcase classname="test.RegisterPagetest" name="verifyRegisterPageTitle" time="6.598">
    <failure type="java.lang.RuntimeException" message="Excel Sheet not found">
      <![CDATA[java.lang.RuntimeException: Excel Sheet not found
at utilities.ExcelUtility.getStringData(ExcelUtility.java:29)
at test.RegisterPagetest.verifyRegisterPageTitle(RegisterPagetest.java:24)
at java.base/java.util.ArrayList.forEach(ArrayList.java:1511)
at java.base/java.util.concurrent.FutureTask.run(FutureTask.java:264)
at java.base/java.util.concurrent.ThreadPoolExecutor.runWorker(ThreadPoolExecutor.java:1136)
at java.base/java.util.concurrent.ThreadPoolExecutor$Worker.run(ThreadPoolExecutor.java:635)
at java.base/java.lang.Thread.run(Thread.java:833)
... Removed 17 stack frames]]>
    </failure>
  </testcase> <!-- verifyRegisterPageTitle -->
  <testcase classname="test.RegisterPagetest" name="verifyUserRegistration" time="13.869"/>
</testsuite> <!-- RegisterPageTest -->
