<?xml version="1.0" encoding="UTF-8"?>
<testng-results ignored="0" total="1" passed="1" failed="0" skipped="0">
  <reporter-output>
  </reporter-output>
  <suite started-at="2024-07-25T13:26:57 IST" name="Default suite" finished-at="2024-07-25T13:27:16 IST" duration-ms="19001">
    <groups>
    </groups>
    <test started-at="2024-07-25T13:26:57 IST" name="Default test" finished-at="2024-07-25T13:27:16 IST" duration-ms="19001">
      <class name="org.teztGCommands.Commands">
        <test-method is-config="true" signature="setUp()[pri:0, instance:org.teztGCommands.Commands@18df8434]" started-at="2024-07-25T13:26:57 IST" name="setUp" finished-at="2024-07-25T13:27:09 IST" duration-ms="11149" status="PASS">
          <reporter-output>
          </reporter-output>
        </test-method> <!-- setUp -->
        <test-method signature="verifydynamicWebTable()[pri:0, instance:org.teztGCommands.Commands@18df8434]" started-at="2024-07-25T13:27:09 IST" name="verifydynamicWebTable" finished-at="2024-07-25T13:27:16 IST" duration-ms="7194" status="PASS">
          <reporter-output>
          </reporter-output>
        </test-method> <!-- verifydynamicWebTable -->
        <test-method is-config="true" signature="closeBrowser(org.testng.ITestResult)[pri:0, instance:org.teztGCommands.Commands@18df8434]" started-at="2024-07-25T13:27:16 IST" name="closeBrowser" finished-at="2024-07-25T13:27:16 IST" duration-ms="580" status="PASS">
          <params>
            <param index="0">
              <value>
                <![CDATA[[TestResult name=verifydynamicWebTable status=SUCCESS method=Commands.verifydynamicWebTable()[pri:0, instance:org.teztGCommands.Commands@18df8434] output={null}]]]>
              </value>
            </param>
          </params>
          <reporter-output>
          </reporter-output>
        </test-method> <!-- closeBrowser -->
      </class> <!-- org.teztGCommands.Commands -->
    </test> <!-- Default test -->
  </suite> <!-- Default suite -->
</testng-results>
